<?xml version="1.0" encoding="UTF-8"?>
<testng-results skipped="0" failed="0" ignored="0" total="1" passed="1">
  <reporter-output>
  </reporter-output>
  <suite name="Default suite" duration-ms="2539" started-at="2022-04-19T12:55:59 EEST" finished-at="2022-04-19T12:56:02 EEST">
    <groups>
    </groups>
    <test name="Default test" duration-ms="2539" started-at="2022-04-19T12:55:59 EEST" finished-at="2022-04-19T12:56:02 EEST">
      <class name="testcases.LoginPageTest">
        <test-method status="PASS" signature="getDriver()[pri:0, instance:testcases.LoginPageTest@43195e57]" name="getDriver" is-config="true" duration-ms="5423" started-at="2022-04-19T12:55:54 EEST" finished-at="2022-04-19T12:55:59 EEST">
          <reporter-output>
          </reporter-output>
        </test-method> <!-- getDriver -->
        <test-method status="PASS" signature="beforeMethod()[pri:0, instance:testcases.LoginPageTest@43195e57]" name="beforeMethod" is-config="true" duration-ms="907" started-at="2022-04-19T12:55:59 EEST" finished-at="2022-04-19T12:56:00 EEST">
          <reporter-output>
          </reporter-output>
        </test-method> <!-- beforeMethod -->
        <test-method status="PASS" signature="LoginTest()[pri:0, instance:testcases.LoginPageTest@43195e57]" name="LoginTest" duration-ms="1458" started-at="2022-04-19T12:56:00 EEST" finished-at="2022-04-19T12:56:02 EEST">
          <reporter-output>
          </reporter-output>
        </test-method> <!-- LoginTest -->
        <test-method status="PASS" signature="screenShotOnFailure(org.testng.ITestResult)[pri:0, instance:testcases.LoginPageTest@43195e57]" name="screenShotOnFailure" is-config="true" duration-ms="4" started-at="2022-04-19T12:56:02 EEST" finished-at="2022-04-19T12:56:02 EEST">
          <params>
            <param index="0">
              <value>
                <![CDATA[[TestResult name=LoginTest status=SUCCESS method=LoginPageTest.LoginTest()[pri:0, instance:testcases.LoginPageTest@43195e57] output={null}]]]>
              </value>
            </param>
          </params>
          <reporter-output>
          </reporter-output>
        </test-method> <!-- screenShotOnFailure -->
        <test-method status="PASS" signature="closeDriver()[pri:0, instance:testcases.LoginPageTest@43195e57]" name="closeDriver" is-config="true" duration-ms="749" started-at="2022-04-19T12:56:02 EEST" finished-at="2022-04-19T12:56:03 EEST">
          <reporter-output>
          </reporter-output>
        </test-method> <!-- closeDriver -->
      </class> <!-- testcases.LoginPageTest -->
    </test> <!-- Default test -->
  </suite> <!-- Default suite -->
</testng-results>
